<?xml version="1.0" encoding="UTF-8"?>
<testng-results skipped="0" failed="3" ignored="6" total="9" passed="0">
  <reporter-output>
  </reporter-output>
  <suite name="Suite" duration-ms="74893" started-at="2017-03-06T03:57:16Z" finished-at="2017-03-06T03:58:31Z">
    <groups>
      <group name="addToCart">
        <method signature="LaunchDriver.addedToCart(java.lang.String, java.lang.String, java.lang.String, java.lang.String)[pri:0, instance:Test.LaunchDriver@31a5c39e]" name="addedToCart" class="Test.LaunchDriver"/>
      </group> <!-- addToCart -->
      <group name="logIn">
        <method signature="LaunchDriver.startSesion(java.lang.String, java.lang.String, java.lang.String)[pri:0, instance:Test.LaunchDriver@204f30ec]" name="startSesion" class="Test.LaunchDriver"/>
      </group> <!-- logIn -->
      <group name="selectProduct">
        <method signature="LaunchDriver.searchAndSelectProduct(java.lang.String, java.lang.String, java.lang.String, java.lang.String)[pri:0, instance:Test.LaunchDriver@7085bdee]" name="searchAndSelectProduct" class="Test.LaunchDriver"/>
      </group> <!-- selectProduct -->
    </groups>
    <test name="TestSelectProduct" duration-ms="73025" started-at="2017-03-06T03:57:16Z" finished-at="2017-03-06T03:58:29Z">
      <class name="Test.LaunchDriver">
        <test-method status="PASS" signature="startDriver()[pri:0, instance:Test.LaunchDriver@7085bdee]" name="startDriver" is-config="true" duration-ms="12092" started-at="2017-03-05T22:57:16Z" finished-at="2017-03-05T22:57:28Z">
          <reporter-output>
          </reporter-output>
        </test-method> <!-- startDriver -->
        <test-method status="FAIL" signature="searchAndSelectProduct(java.lang.String, java.lang.String, java.lang.String, java.lang.String)[pri:0, instance:Test.LaunchDriver@7085bdee]" name="searchAndSelectProduct" duration-ms="59877" started-at="2017-03-05T22:57:28Z" finished-at="2017-03-05T22:58:28Z">
          <params>
            <param index="0">
              <value>
                <![CDATA[https://www.amazon.com/]]>
              </value>
            </param>
            <param index="1">
              <value>
                <![CDATA[diana.ponce0209@gmail.com]]>
              </value>
            </param>
            <param index="2">
              <value>
                <![CDATA[Refsc:amazone123]]>
              </value>
            </param>
            <param index="3">
              <value>
                <![CDATA[Resident Evil 7: Biohazard]]>
              </value>
            </param>
          </params>
          <exception class="org.openqa.selenium.TimeoutException">
            <message>
              <![CDATA[Expected condition failed: waiting for visibility of Proxy element for: DefaultElementLocator 'By.id: hud-customer-image' (tried for 15 second(s) with 500 MILLISECONDS interval)]]>
            </message>
            <full-stacktrace>
              <![CDATA[org.openqa.selenium.TimeoutException: Expected condition failed: waiting for visibility of Proxy element for: DefaultElementLocator 'By.id: hud-customer-image' (tried for 15 second(s) with 500 MILLISECONDS interval)
	at org.openqa.selenium.support.ui.WebDriverWait.timeoutException(WebDriverWait.java:80)
	at org.openqa.selenium.support.ui.FluentWait.until(FluentWait.java:257)
	at Common.AmazoneCommon.isElementLoaded(AmazoneCommon.java:68)
	at Pages.AmazoneHomePage.LogIn(AmazoneHomePage.java:45)
	at Test.LaunchDriver.searchAndSelectProduct(LaunchDriver.java:22)
	at sun.reflect.NativeMethodAccessorImpl.invoke0(Native Method)
	at sun.reflect.NativeMethodAccessorImpl.invoke(NativeMethodAccessorImpl.java:62)
	at sun.reflect.DelegatingMethodAccessorImpl.invoke(DelegatingMethodAccessorImpl.java:43)
	at java.lang.reflect.Method.invoke(Method.java:498)
	at org.testng.internal.MethodInvocationHelper.invokeMethod(MethodInvocationHelper.java:104)
	at org.testng.internal.Invoker.invokeMethod(Invoker.java:645)
	at org.testng.internal.Invoker.invokeTestMethod(Invoker.java:851)
	at org.testng.internal.Invoker.invokeTestMethods(Invoker.java:1177)
	at org.testng.internal.TestMethodWorker.invokeTestMethods(TestMethodWorker.java:129)
	at org.testng.internal.TestMethodWorker.run(TestMethodWorker.java:112)
	at org.testng.TestRunner.privateRun(TestRunner.java:756)
	at org.testng.TestRunner.run(TestRunner.java:610)
	at org.testng.SuiteRunner.runTest(SuiteRunner.java:387)
	at org.testng.SuiteRunner.access$000(SuiteRunner.java:39)
	at org.testng.SuiteRunner$SuiteWorker.run(SuiteRunner.java:421)
	at org.testng.internal.thread.ThreadUtil$2.call(ThreadUtil.java:64)
	at java.util.concurrent.FutureTask.run(FutureTask.java:266)
	at java.util.concurrent.ThreadPoolExecutor.runWorker(ThreadPoolExecutor.java:1142)
	at java.util.concurrent.ThreadPoolExecutor$Worker.run(ThreadPoolExecutor.java:617)
	at java.lang.Thread.run(Thread.java:745)
Caused by: org.openqa.selenium.NoSuchElementException: Unable to locate element: #hud\-customer\-image
For documentation on this error, please visit: http://seleniumhq.org/exceptions/no_such_element.html
Build info: version: 'unknown', revision: '86a5d70', time: '2017-02-16 07:47:51 -0800'
System info: host: 'MacBook-Pro-de-Mac.local', ip: 'fe80:0:0:0:3e15:c2ff:fed1:7ba6%en0', os.name: 'Mac OS X', os.arch: 'x86_64', os.version: '10.10.4', java.version: '1.8.0_121'
Driver info: org.openqa.selenium.firefox.FirefoxDriver
Capabilities [{rotatable=false, raisesAccessibilityExceptions=false, marionette=true, appBuildId=20170125094131, version=, platform=MAC, proxy={}, command_id=1, specificationLevel=0, acceptSslCerts=false, processId=14360, browserVersion=51.0.1, platformVersion=14.4.0, XULappId={ec8030f7-c20a-464f-9b0e-13a3a9e97384}, browserName=firefox, takesScreenshot=true, takesElementScreenshot=true, platformName=darwin, firefox_profile=UEsDBBQACAgIACm3ZUoAAAAAAAAAA...}]
Session ID: 9de5ee67-6b8b-3b4a-b6e9-645775a064c1
*** Element info: {Using=id, value=hud-customer-image}
	at sun.reflect.GeneratedConstructorAccessor15.newInstance(Unknown Source)
	at sun.reflect.DelegatingConstructorAccessorImpl.newInstance(DelegatingConstructorAccessorImpl.java:45)
	at java.lang.reflect.Constructor.newInstance(Constructor.java:423)
	at org.openqa.selenium.remote.http.W3CHttpResponseCodec.createException(W3CHttpResponseCodec.java:127)
	at org.openqa.selenium.remote.http.W3CHttpResponseCodec.decode(W3CHttpResponseCodec.java:93)
	at org.openqa.selenium.remote.http.W3CHttpResponseCodec.decode(W3CHttpResponseCodec.java:42)
	at org.openqa.selenium.remote.HttpCommandExecutor.execute(HttpCommandExecutor.java:163)
	at org.openqa.selenium.remote.service.DriverCommandExecutor.execute(DriverCommandExecutor.java:82)
	at org.openqa.selenium.remote.RemoteWebDriver.execute(RemoteWebDriver.java:601)
	at org.openqa.selenium.remote.RemoteWebDriver.findElement(RemoteWebDriver.java:368)
	at org.openqa.selenium.remote.RemoteWebDriver.findElementById(RemoteWebDriver.java:417)
	at org.openqa.selenium.By$ById.findElement(By.java:218)
	at org.openqa.selenium.remote.RemoteWebDriver.findElement(RemoteWebDriver.java:360)
	at org.openqa.selenium.support.pagefactory.DefaultElementLocator.findElement(DefaultElementLocator.java:69)
	at org.openqa.selenium.support.pagefactory.internal.LocatingElementHandler.invoke(LocatingElementHandler.java:38)
	at com.sun.proxy.$Proxy8.isDisplayed(Unknown Source)
	at org.openqa.selenium.support.ui.ExpectedConditions.elementIfVisible(ExpectedConditions.java:302)
	at org.openqa.selenium.support.ui.ExpectedConditions.access$100(ExpectedConditions.java:41)
	at org.openqa.selenium.support.ui.ExpectedConditions$10.apply(ExpectedConditions.java:288)
	at org.openqa.selenium.support.ui.ExpectedConditions$10.apply(ExpectedConditions.java:285)
	at org.openqa.selenium.support.ui.FluentWait.until(FluentWait.java:234)
	... 23 more
]]>
            </full-stacktrace>
          </exception> <!-- org.openqa.selenium.TimeoutException -->
          <reporter-output>
          </reporter-output>
        </test-method> <!-- searchAndSelectProduct -->
        <test-method status="PASS" signature="executeAfterMethod(org.testng.ITestResult, org.testng.ITestContext)[pri:0, instance:Test.LaunchDriver@7085bdee]" name="executeAfterMethod" is-config="true" duration-ms="992" started-at="2017-03-05T22:58:28Z" finished-at="2017-03-05T22:58:29Z">
          <params>
            <param index="0">
              <value>
                <![CDATA[[TestResult name=searchAndSelectProduct status=FAILURE method=LaunchDriver.searchAndSelectProduct(java.lang.String, java.lang.String, java.lang.String, java.lang.String)[pri:0, instance:Test.LaunchDriver@7085bdee] output={null}]]]>
              </value>
            </param>
            <param index="1">
              <value>
                <![CDATA[org.testng.TestRunner@5f9d02cb]]>
              </value>
            </param>
          </params>
          <reporter-output>
          </reporter-output>
        </test-method> <!-- executeAfterMethod -->
      </class> <!-- Test.LaunchDriver -->
    </test> <!-- TestSelectProduct -->
    <test name="TestLogIn" duration-ms="74625" started-at="2017-03-06T03:57:16Z" finished-at="2017-03-06T03:58:31Z">
      <class name="Test.LaunchDriver">
        <test-method status="PASS" signature="startDriver()[pri:0, instance:Test.LaunchDriver@204f30ec]" name="startDriver" is-config="true" duration-ms="12091" started-at="2017-03-05T22:57:16Z" finished-at="2017-03-05T22:57:28Z">
          <reporter-output>
          </reporter-output>
        </test-method> <!-- startDriver -->
        <test-method status="FAIL" signature="startSesion(java.lang.String, java.lang.String, java.lang.String)[pri:0, instance:Test.LaunchDriver@204f30ec]" name="startSesion" duration-ms="61209" started-at="2017-03-05T22:57:28Z" finished-at="2017-03-05T22:58:30Z">
          <params>
            <param index="0">
              <value>
                <![CDATA[https://www.amazon.com/]]>
              </value>
            </param>
            <param index="1">
              <value>
                <![CDATA[diana.ponce0209@gmail.com]]>
              </value>
            </param>
            <param index="2">
              <value>
                <![CDATA[Refsc:amazone123]]>
              </value>
            </param>
          </params>
          <exception class="org.openqa.selenium.TimeoutException">
            <message>
              <![CDATA[Expected condition failed: waiting for visibility of Proxy element for: DefaultElementLocator 'By.id: hud-customer-image' (tried for 15 second(s) with 500 MILLISECONDS interval)]]>
            </message>
            <full-stacktrace>
              <![CDATA[org.openqa.selenium.TimeoutException: Expected condition failed: waiting for visibility of Proxy element for: DefaultElementLocator 'By.id: hud-customer-image' (tried for 15 second(s) with 500 MILLISECONDS interval)
	at org.openqa.selenium.support.ui.WebDriverWait.timeoutException(WebDriverWait.java:80)
	at org.openqa.selenium.support.ui.FluentWait.until(FluentWait.java:257)
	at Common.AmazoneCommon.isElementLoaded(AmazoneCommon.java:68)
	at Pages.AmazoneHomePage.LogIn(AmazoneHomePage.java:45)
	at Test.LaunchDriver.startSesion(LaunchDriver.java:14)
	at sun.reflect.NativeMethodAccessorImpl.invoke0(Native Method)
	at sun.reflect.NativeMethodAccessorImpl.invoke(NativeMethodAccessorImpl.java:62)
	at sun.reflect.DelegatingMethodAccessorImpl.invoke(DelegatingMethodAccessorImpl.java:43)
	at java.lang.reflect.Method.invoke(Method.java:498)
	at org.testng.internal.MethodInvocationHelper.invokeMethod(MethodInvocationHelper.java:104)
	at org.testng.internal.Invoker.invokeMethod(Invoker.java:645)
	at org.testng.internal.Invoker.invokeTestMethod(Invoker.java:851)
	at org.testng.internal.Invoker.invokeTestMethods(Invoker.java:1177)
	at org.testng.internal.TestMethodWorker.invokeTestMethods(TestMethodWorker.java:129)
	at org.testng.internal.TestMethodWorker.run(TestMethodWorker.java:112)
	at org.testng.TestRunner.privateRun(TestRunner.java:756)
	at org.testng.TestRunner.run(TestRunner.java:610)
	at org.testng.SuiteRunner.runTest(SuiteRunner.java:387)
	at org.testng.SuiteRunner.access$000(SuiteRunner.java:39)
	at org.testng.SuiteRunner$SuiteWorker.run(SuiteRunner.java:421)
	at org.testng.internal.thread.ThreadUtil$2.call(ThreadUtil.java:64)
	at java.util.concurrent.FutureTask.run(FutureTask.java:266)
	at java.util.concurrent.ThreadPoolExecutor.runWorker(ThreadPoolExecutor.java:1142)
	at java.util.concurrent.ThreadPoolExecutor$Worker.run(ThreadPoolExecutor.java:617)
	at java.lang.Thread.run(Thread.java:745)
Caused by: org.openqa.selenium.NoSuchElementException: Unable to locate element: #hud\-customer\-image
For documentation on this error, please visit: http://seleniumhq.org/exceptions/no_such_element.html
Build info: version: 'unknown', revision: '86a5d70', time: '2017-02-16 07:47:51 -0800'
System info: host: 'MacBook-Pro-de-Mac.local', ip: 'fe80:0:0:0:3e15:c2ff:fed1:7ba6%en0', os.name: 'Mac OS X', os.arch: 'x86_64', os.version: '10.10.4', java.version: '1.8.0_121'
Driver info: org.openqa.selenium.firefox.FirefoxDriver
Capabilities [{rotatable=false, raisesAccessibilityExceptions=false, marionette=true, appBuildId=20170125094131, version=, platform=MAC, proxy={}, command_id=1, specificationLevel=0, acceptSslCerts=false, processId=14359, browserVersion=51.0.1, platformVersion=14.4.0, XULappId={ec8030f7-c20a-464f-9b0e-13a3a9e97384}, browserName=firefox, takesScreenshot=true, takesElementScreenshot=true, platformName=darwin, firefox_profile=UEsDBBQACAgIACm3ZUoAAAAAAAAAA...}]
Session ID: 355e2eb3-ab3a-6d4f-b401-668d2e922a5f
*** Element info: {Using=id, value=hud-customer-image}
	at sun.reflect.GeneratedConstructorAccessor15.newInstance(Unknown Source)
	at sun.reflect.DelegatingConstructorAccessorImpl.newInstance(DelegatingConstructorAccessorImpl.java:45)
	at java.lang.reflect.Constructor.newInstance(Constructor.java:423)
	at org.openqa.selenium.remote.http.W3CHttpResponseCodec.createException(W3CHttpResponseCodec.java:127)
	at org.openqa.selenium.remote.http.W3CHttpResponseCodec.decode(W3CHttpResponseCodec.java:93)
	at org.openqa.selenium.remote.http.W3CHttpResponseCodec.decode(W3CHttpResponseCodec.java:42)
	at org.openqa.selenium.remote.HttpCommandExecutor.execute(HttpCommandExecutor.java:163)
	at org.openqa.selenium.remote.service.DriverCommandExecutor.execute(DriverCommandExecutor.java:82)
	at org.openqa.selenium.remote.RemoteWebDriver.execute(RemoteWebDriver.java:601)
	at org.openqa.selenium.remote.RemoteWebDriver.findElement(RemoteWebDriver.java:368)
	at org.openqa.selenium.remote.RemoteWebDriver.findElementById(RemoteWebDriver.java:417)
	at org.openqa.selenium.By$ById.findElement(By.java:218)
	at org.openqa.selenium.remote.RemoteWebDriver.findElement(RemoteWebDriver.java:360)
	at org.openqa.selenium.support.pagefactory.DefaultElementLocator.findElement(DefaultElementLocator.java:69)
	at org.openqa.selenium.support.pagefactory.internal.LocatingElementHandler.invoke(LocatingElementHandler.java:38)
	at com.sun.proxy.$Proxy8.isDisplayed(Unknown Source)
	at org.openqa.selenium.support.ui.ExpectedConditions.elementIfVisible(ExpectedConditions.java:302)
	at org.openqa.selenium.support.ui.ExpectedConditions.access$100(ExpectedConditions.java:41)
	at org.openqa.selenium.support.ui.ExpectedConditions$10.apply(ExpectedConditions.java:288)
	at org.openqa.selenium.support.ui.ExpectedConditions$10.apply(ExpectedConditions.java:285)
	at org.openqa.selenium.support.ui.FluentWait.until(FluentWait.java:234)
	... 23 more
]]>
            </full-stacktrace>
          </exception> <!-- org.openqa.selenium.TimeoutException -->
          <reporter-output>
          </reporter-output>
        </test-method> <!-- startSesion -->
        <test-method status="PASS" signature="executeAfterMethod(org.testng.ITestResult, org.testng.ITestContext)[pri:0, instance:Test.LaunchDriver@204f30ec]" name="executeAfterMethod" is-config="true" duration-ms="1289" started-at="2017-03-05T22:58:30Z" finished-at="2017-03-05T22:58:31Z">
          <params>
            <param index="0">
              <value>
                <![CDATA[[TestResult name=startSesion status=FAILURE method=LaunchDriver.startSesion(java.lang.String, java.lang.String, java.lang.String)[pri:0, instance:Test.LaunchDriver@204f30ec] output={null}]]]>
              </value>
            </param>
            <param index="1">
              <value>
                <![CDATA[org.testng.TestRunner@63753b6d]]>
              </value>
            </param>
          </params>
          <reporter-output>
          </reporter-output>
        </test-method> <!-- executeAfterMethod -->
      </class> <!-- Test.LaunchDriver -->
    </test> <!-- TestLogIn -->
    <test name="TestAddToCart" duration-ms="74893" started-at="2017-03-06T03:57:16Z" finished-at="2017-03-06T03:58:31Z">
      <class name="Test.LaunchDriver">
        <test-method status="PASS" signature="startDriver()[pri:0, instance:Test.LaunchDriver@31a5c39e]" name="startDriver" is-config="true" duration-ms="12092" started-at="2017-03-05T22:57:16Z" finished-at="2017-03-05T22:57:28Z">
          <reporter-output>
          </reporter-output>
        </test-method> <!-- startDriver -->
        <test-method status="FAIL" signature="addedToCart(java.lang.String, java.lang.String, java.lang.String, java.lang.String)[pri:0, instance:Test.LaunchDriver@31a5c39e]" name="addedToCart" duration-ms="61846" started-at="2017-03-05T22:57:28Z" finished-at="2017-03-05T22:58:30Z">
          <params>
            <param index="0">
              <value>
                <![CDATA[https://www.amazon.com/]]>
              </value>
            </param>
            <param index="1">
              <value>
                <![CDATA[diana.ponce0209@gmail.com]]>
              </value>
            </param>
            <param index="2">
              <value>
                <![CDATA[Refsc:amazone123]]>
              </value>
            </param>
            <param index="3">
              <value>
                <![CDATA[Resident Evil 7: Biohazard]]>
              </value>
            </param>
          </params>
          <exception class="org.openqa.selenium.TimeoutException">
            <message>
              <![CDATA[Expected condition failed: waiting for visibility of Proxy element for: DefaultElementLocator 'By.id: hud-customer-image' (tried for 15 second(s) with 500 MILLISECONDS interval)]]>
            </message>
            <full-stacktrace>
              <![CDATA[org.openqa.selenium.TimeoutException: Expected condition failed: waiting for visibility of Proxy element for: DefaultElementLocator 'By.id: hud-customer-image' (tried for 15 second(s) with 500 MILLISECONDS interval)
	at org.openqa.selenium.support.ui.WebDriverWait.timeoutException(WebDriverWait.java:80)
	at org.openqa.selenium.support.ui.FluentWait.until(FluentWait.java:257)
	at Common.AmazoneCommon.isElementLoaded(AmazoneCommon.java:68)
	at Pages.AmazoneHomePage.LogIn(AmazoneHomePage.java:45)
	at Test.LaunchDriver.addedToCart(LaunchDriver.java:31)
	at sun.reflect.NativeMethodAccessorImpl.invoke0(Native Method)
	at sun.reflect.NativeMethodAccessorImpl.invoke(NativeMethodAccessorImpl.java:62)
	at sun.reflect.DelegatingMethodAccessorImpl.invoke(DelegatingMethodAccessorImpl.java:43)
	at java.lang.reflect.Method.invoke(Method.java:498)
	at org.testng.internal.MethodInvocationHelper.invokeMethod(MethodInvocationHelper.java:104)
	at org.testng.internal.Invoker.invokeMethod(Invoker.java:645)
	at org.testng.internal.Invoker.invokeTestMethod(Invoker.java:851)
	at org.testng.internal.Invoker.invokeTestMethods(Invoker.java:1177)
	at org.testng.internal.TestMethodWorker.invokeTestMethods(TestMethodWorker.java:129)
	at org.testng.internal.TestMethodWorker.run(TestMethodWorker.java:112)
	at org.testng.TestRunner.privateRun(TestRunner.java:756)
	at org.testng.TestRunner.run(TestRunner.java:610)
	at org.testng.SuiteRunner.runTest(SuiteRunner.java:387)
	at org.testng.SuiteRunner.access$000(SuiteRunner.java:39)
	at org.testng.SuiteRunner$SuiteWorker.run(SuiteRunner.java:421)
	at org.testng.internal.thread.ThreadUtil$2.call(ThreadUtil.java:64)
	at java.util.concurrent.FutureTask.run(FutureTask.java:266)
	at java.util.concurrent.ThreadPoolExecutor.runWorker(ThreadPoolExecutor.java:1142)
	at java.util.concurrent.ThreadPoolExecutor$Worker.run(ThreadPoolExecutor.java:617)
	at java.lang.Thread.run(Thread.java:745)
Caused by: org.openqa.selenium.NoSuchElementException: Unable to locate element: #hud\-customer\-image
For documentation on this error, please visit: http://seleniumhq.org/exceptions/no_such_element.html
Build info: version: 'unknown', revision: '86a5d70', time: '2017-02-16 07:47:51 -0800'
System info: host: 'MacBook-Pro-de-Mac.local', ip: 'fe80:0:0:0:3e15:c2ff:fed1:7ba6%en0', os.name: 'Mac OS X', os.arch: 'x86_64', os.version: '10.10.4', java.version: '1.8.0_121'
Driver info: org.openqa.selenium.firefox.FirefoxDriver
Capabilities [{rotatable=false, raisesAccessibilityExceptions=false, marionette=true, appBuildId=20170125094131, version=, platform=MAC, proxy={}, command_id=1, specificationLevel=0, acceptSslCerts=false, processId=14358, browserVersion=51.0.1, platformVersion=14.4.0, XULappId={ec8030f7-c20a-464f-9b0e-13a3a9e97384}, browserName=firefox, takesScreenshot=true, takesElementScreenshot=true, platformName=darwin, firefox_profile=UEsDBBQACAgIACm3ZUoAAAAAAAAAA...}]
Session ID: 523f97dd-3a06-f14e-a3ca-47c66af9035d
*** Element info: {Using=id, value=hud-customer-image}
	at sun.reflect.GeneratedConstructorAccessor15.newInstance(Unknown Source)
	at sun.reflect.DelegatingConstructorAccessorImpl.newInstance(DelegatingConstructorAccessorImpl.java:45)
	at java.lang.reflect.Constructor.newInstance(Constructor.java:423)
	at org.openqa.selenium.remote.http.W3CHttpResponseCodec.createException(W3CHttpResponseCodec.java:127)
	at org.openqa.selenium.remote.http.W3CHttpResponseCodec.decode(W3CHttpResponseCodec.java:93)
	at org.openqa.selenium.remote.http.W3CHttpResponseCodec.decode(W3CHttpResponseCodec.java:42)
	at org.openqa.selenium.remote.HttpCommandExecutor.execute(HttpCommandExecutor.java:163)
	at org.openqa.selenium.remote.service.DriverCommandExecutor.execute(DriverCommandExecutor.java:82)
	at org.openqa.selenium.remote.RemoteWebDriver.execute(RemoteWebDriver.java:601)
	at org.openqa.selenium.remote.RemoteWebDriver.findElement(RemoteWebDriver.java:368)
	at org.openqa.selenium.remote.RemoteWebDriver.findElementById(RemoteWebDriver.java:417)
	at org.openqa.selenium.By$ById.findElement(By.java:218)
	at org.openqa.selenium.remote.RemoteWebDriver.findElement(RemoteWebDriver.java:360)
	at org.openqa.selenium.support.pagefactory.DefaultElementLocator.findElement(DefaultElementLocator.java:69)
	at org.openqa.selenium.support.pagefactory.internal.LocatingElementHandler.invoke(LocatingElementHandler.java:38)
	at com.sun.proxy.$Proxy8.isDisplayed(Unknown Source)
	at org.openqa.selenium.support.ui.ExpectedConditions.elementIfVisible(ExpectedConditions.java:302)
	at org.openqa.selenium.support.ui.ExpectedConditions.access$100(ExpectedConditions.java:41)
	at org.openqa.selenium.support.ui.ExpectedConditions$10.apply(ExpectedConditions.java:288)
	at org.openqa.selenium.support.ui.ExpectedConditions$10.apply(ExpectedConditions.java:285)
	at org.openqa.selenium.support.ui.FluentWait.until(FluentWait.java:234)
	... 23 more
]]>
            </full-stacktrace>
          </exception> <!-- org.openqa.selenium.TimeoutException -->
          <reporter-output>
          </reporter-output>
        </test-method> <!-- addedToCart -->
        <test-method status="PASS" signature="executeAfterMethod(org.testng.ITestResult, org.testng.ITestContext)[pri:0, instance:Test.LaunchDriver@31a5c39e]" name="executeAfterMethod" is-config="true" duration-ms="925" started-at="2017-03-05T22:58:30Z" finished-at="2017-03-05T22:58:31Z">
          <params>
            <param index="0">
              <value>
                <![CDATA[[TestResult name=addedToCart status=FAILURE method=LaunchDriver.addedToCart(java.lang.String, java.lang.String, java.lang.String, java.lang.String)[pri:0, instance:Test.LaunchDriver@31a5c39e] output={null}]]]>
              </value>
            </param>
            <param index="1">
              <value>
                <![CDATA[org.testng.TestRunner@6b09bb57]]>
              </value>
            </param>
          </params>
          <reporter-output>
          </reporter-output>
        </test-method> <!-- executeAfterMethod -->
      </class> <!-- Test.LaunchDriver -->
    </test> <!-- TestAddToCart -->
  </suite> <!-- Suite -->
</testng-results>
